1620239127032	geckodriver	INFO	Listening on 127.0.0.1:61723
1620239130110	mozrunner::runner	INFO	Running command: "C:\\Program Files\\Mozilla Firefox\\firefox.exe" "--marionette" "-foreground" "-no-remote" "-profile" "C:\\Users\\marc\\AppData\\Local\\Temp\\rust_mozprofileXjkFto"
1620239130725	Marionette	INFO	Marionette enabled
console.warn: SearchSettings: "get: No settings file exists, new profile?" (new Error("", "(unknown module)"))
1620239133068	Marionette	INFO	Listening on port 61732
1620239133276	Marionette	WARN	TLS certificate errors will be ignored for this session
1620239360985	Marionette	INFO	Stopped listening on port 61732

###!!! [Child][RunMessage] Error: Channel closing: too late to send/recv, messages will be lost

"--marionette" "-foreground" "-no-remote" "-profile" "C:\\Users\\marc\\AppData\\Local\\Temp\\rust_mozprofileMfNBtv"
1620239139987	Marionette	INFO	Marionette enabled
console.warn: SearchSettings: "get: No settings file exists, new profile?" (new Error("", "(unknown module)"))
1620239141840	Marionette	INFO	Listening on port 61792
1620239142338	Marionette	WARN	TLS certificate errors will be ignored for this session
1620239360541	Marionette	INFO	Stopped listening on port 61792
0239179333	mozrunner::runner	INFO	Running command: "C:\\Program Files\\Mozilla Firefox\\firefox.exe" "--marionette" "-foreground" "-no-remote" "-profile" "C:\\Users\\marc\\AppData\\Local\\Temp\\rust_mozprofileNhvidZ"
1620239179646	Marionette	INFO	Marionette enabled
console.warn: SearchSettings: "get: No settings file exists, new profile?" (new Error("", "(unknown module)"))
1620239181486	Marionette	INFO	Listening on port 62085
1620239182005	Marionette	WARN	TLS certificate errors will be ignored for this session
1620247527914	Marionette	INFO	Stopped listening on port 62085

###!!! [Child][RunMessage] Error: Channel closing: too late to send/recv, messages will be lost

"--marionette" "-foreground" "-no-remote" "-profile" "C:\\Users\\marc\\AppData\\Local\\Temp\\rust_mozprofileeFwBAI"
1620239198613	Marionette	INFO	Marionette enabled
console.warn: SearchSettings: "get: No settings file exists, new profile?" (new Error("", "(unknown module)"))
1620239200731	Marionette	INFO	Listening on port 62453
1620239200979	Marionette	WARN	TLS certificate errors will be ignored for this session
1620239202857	Marionette	WARN	Ignoring event 'DOMContentLoaded' because document has an invalid readyState of 'complete'.
JavaScript error: https://groceries.asda.com/search/yogurt, line 39: TypeError: cookieContainer is undefined
JavaScript error: https://groceries.asda.com/service-worker.js, line 1: NetworkError: WorkerGlobalScope.importScripts: Failed to load worker script at ./workbox-63861dda.js (nsresult = 0x80530013)
1620239362545	Marionette	INFO	Stopped listening on port 62453

###!!! [Child][RunMessage] Error: Channel closing: too late to send/recv, messages will be lost

"--marionette" "-foreground" "-no-remote" "-profile" "C:\\Users\\marc\\AppData\\Local\\Temp\\rust_mozprofilePg1nQ3"
1620239283738	Marionette	INFO	Marionette enabled
console.warn: SearchSettings: "get: No settings file exists, new profile?" (new Error("", "(unknown module)"))
1620239285730	Marionette	INFO	Listening on port 62644
1620239285803	Marionette	WARN	TLS certificate errors will be ignored for this session
1620239287270	Marionette	WARN	Ignoring event 'DOMContentLoaded' because document has an invalid readyState of 'complete'.
JavaScript error: https://groceries.asda.com/search/yogurt, line 39: TypeError: cookieContainer is undefined
JavaScript error: https://groceries.asda.com/service-worker.js, line 1: NetworkError: WorkerGlobalScope.importScripts: Failed to load worker script at ./workbox-63861dda.js (nsresult = 0x80530013)
JavaScript error: https://s.btstatic.com/tag.js#site=eI7jAuz line 43 > Function, line 3: TypeError: bt_data(...).indexOf is not a function
1620239363303	Marionette	INFO	Stopped listening on port 62644

###!!! [Child][RunMessage] Error: Channel closing: too late to send/recv, messages will be lost

"--marionette" "-foreground" "-no-remote" "-profile" "C:\\Users\\marc\\AppData\\Local\\Temp\\rust_mozprofilesgo5mx"
1620239317156	Marionette	INFO	Marionette enabled
console.warn: SearchSettings: "get: No settings file exists, new profile?" (new Error("", "(unknown module)"))
1620239319247	Marionette	INFO	Listening on port 62814
1620239319501	Marionette	WARN	TLS certificate errors will be ignored for this session
1620239320325	Marionette	WARN	Ignoring event 'DOMContentLoaded' because document has an invalid readyState of 'complete'.
1620239380144	geckodriver	INFO	Listening on 127.0.0.1:63037
1620239383226	mozrunner::runner	INFO	Running command: "C:\\Program Files\\Mozilla Firefox\\firefox.exe" "--marionette" "-foreground" "-no-remote" "-profile" "C:\\Users\\marc\\AppData\\Local\\Temp\\rust_mozprofileOaM19Z"
1620239383621	Marionette	INFO	Marionette enabled
console.warn: SearchSettings: "get: No settings file exists, new profile?" (new Error("", "(unknown module)"))
1620239386224	Marionette	INFO	Listening on port 63045
1620239386390	Marionette	WARN	TLS certificate errors will be ignored for this session
1620239387946	Marionette	WARN	Ignoring event 'DOMContentLoaded' because document has an invalid readyState of 'complete'.
JavaScript error: https://groceries.asda.com/search/yogurt, line 39: TypeError: cookieContainer is undefined
JavaScript error: https://groceries.asda.com/service-worker.js, line 1: NetworkError: WorkerGlobalScope.importScripts: Failed to load worker script at ./workbox-63861dda.js (nsresult = 0x80530013)
JavaScript error: https://s.btstatic.com/tag.js#site=eI7jAuz line 43 > Function, line 3: TypeError: bt_data(...).indexOf is not a function
1620239470594	Marionette	INFO	Stopped listening on port 63045

###!!! [Child][RunMessage] Error: Channel closing: too late to send/recv, messages will be lost

1620239475597	geckodriver	INFO	Listening on 127.0.0.1:63190
1620239478668	mozrunner::runner	INFO	Running command: "C:\\Program Files\\Mozilla Firefox\\firefox.exe" "--marionette" "-foreground" "-no-remote" "-profile" "C:\\Users\\marc\\AppData\\Local\\Temp\\rust_mozprofileDrdIOU"
1620239478994	Marionette	INFO	Marionette enabled
console.warn: SearchSettings: "get: No settings file exists, new profile?" (new Error("", "(unknown module)"))
1620239480989	Marionette	INFO	Listening on port 63198
1620239481352	Marionette	WARN	TLS certificate errors will be ignored for this session
1620239482733	Marionette	WARN	Ignoring event 'DOMContentLoaded' because document has an invalid readyState of 'complete'.
JavaScript error: https://groceries.asda.com/search/yogurt, line 39: TypeError: cookieContainer is undefined
JavaScript error: https://groceries.asda.com/service-worker.js, line 1: NetworkError: WorkerGlobalScope.importScripts: Failed to load worker script at ./workbox-63861dda.js (nsresult = 0x80530013)
JavaScript error: https://s.btstatic.com/tag.js#site=eI7jAuz line 43 > Function, line 3: TypeError: bt_data(...).indexOf is not a function
1620239515046	Marionette	INFO	Stopped listening on port 63198
1620239578660	geckodriver	INFO	Listening on 127.0.0.1:63333
1620239581747	mozrunner::runner	INFO	Running command: "C:\\Program Files\\Mozilla Firefox\\firefox.exe" "--marionette" "-foreground" "-no-remote" "-profile" "C:\\Users\\marc\\AppData\\Local\\Temp\\rust_mozprofilefiDmlw"
1620239582077	Marionette	INFO	Marionette enabled
console.warn: SearchSettings: "get: No settings file exists, new profile?" (new Error("", "(unknown module)"))
1620239584109	Marionette	INFO	Listening on port 63341
1620239584430	Marionette	WARN	TLS certificate errors will be ignored for this session
1620239618015	Marionette	INFO	Stopped listening on port 63341

###!!! [Child][RunMessage] Error: Channel closing: too late to send/recv, messages will be lost

1620239620272	geckodriver	INFO	Listening on 127.0.0.1:63411
1620239623351	mozrunner::runner	INFO	Running command: "C:\\Program Files\\Mozilla Firefox\\firefox.exe" "--marionette" "-foreground" "-no-remote" "-profile" "C:\\Users\\marc\\AppData\\Local\\Temp\\rust_mozprofile6Kw2jC"
1620239623668	Marionette	INFO	Marionette enabled
console.warn: SearchSettings: "get: No settings file exists, new profile?" (new Error("", "(unknown module)"))
1620239625514	Marionette	INFO	Listening on port 63419
1620239626017	Marionette	WARN	TLS certificate errors will be ignored for this session
1620239644451	Marionette	INFO	Stopped listening on port 63419

###!!! [Child][RunMessage] Error: Channel closing: too late to send/recv, messages will be lost

1620239788722	geckodriver	INFO	Listening on 127.0.0.1:63556
1620239791781	mozrunner::runner	INFO	Running command: "C:\\Program Files\\Mozilla Firefox\\firefox.exe" "--marionette" "-foreground" "-no-remote" "-profile" "C:\\Users\\marc\\AppData\\Local\\Temp\\rust_mozprofileAHoRyF"
1620239792098	Marionette	INFO	Marionette enabled
console.warn: SearchSettings: "get: No settings file exists, new profile?" (new Error("", "(unknown module)"))
1620239793960	Marionette	INFO	Listening on port 63565
1620239794447	Marionette	WARN	TLS certificate errors will be ignored for this session
1620239808058	Marionette	INFO	Stopped listening on port 63565

###!!! [Child][RunMessage] Error: Channel closing: too late to send/recv, messages will be lost

1620239895794	geckodriver	INFO	Listening on 127.0.0.1:63687
1620239898885	mozrunner::runner	INFO	Running command: "C:\\Program Files\\Mozilla Firefox\\firefox.exe" "--marionette" "-foreground" "-no-remote" "-profile" "C:\\Users\\marc\\AppData\\Local\\Temp\\rust_mozprofileZG1yXX"
1620239899209	Marionette	INFO	Marionette enabled
console.warn: SearchSettings: "get: No settings file exists, new profile?" (new Error("", "(unknown module)"))
1620239901046	Marionette	INFO	Listening on port 63696
1620239901557	Marionette	WARN	TLS certificate errors will be ignored for this session
1620239909911	Marionette	INFO	Stopped listening on port 63696

###!!! [Child][RunMessage] Error: Channel closing: too late to send/recv, messages will be lost

1620240117513	geckodriver	INFO	Listening on 127.0.0.1:63912
1620240120579	mozrunner::runner	INFO	Running command: "C:\\Program Files\\Mozilla Firefox\\firefox.exe" "--marionette" "-foreground" "-no-remote" "-profile" "C:\\Users\\marc\\AppData\\Local\\Temp\\rust_mozprofileO23r8C"
1620240120896	Marionette	INFO	Marionette enabled
console.warn: SearchSettings: "get: No settings file exists, new profile?" (new Error("", "(unknown module)"))
1620240122926	Marionette	INFO	Listening on port 63921
1620240123256	Marionette	WARN	TLS certificate errors will be ignored for this session
1620240131698	Marionette	INFO	Stopped listening on port 63921

###!!! [Child][RunMessage] Error: Channel closing: too late to send/recv, messages will be lost

1620240172136	geckodriver	INFO	Listening on 127.0.0.1:64023
1620240175206	mozrunner::runner	INFO	Running command: "C:\\Program Files\\Mozilla Firefox\\firefox.exe" "--marionette" "-headless" "-foreground" "-no-remote" "-profile" "C:\\Users\\marc\\AppData\\Local\\Temp\\rust_mozprofileKG2Dlt"
*** You are running in headless mode.
1620240175522	Marionette	INFO	Marionette enabled
console.warn: SearchSettings: "get: No settings file exists, new profile?" (new Error("", "(unknown module)"))
1620240176454	Marionette	INFO	Listening on port 64032
1620240176733	Marionette	WARN	TLS certificate errors will be ignored for this session
1620240185051	Marionette	INFO	Stopped listening on port 64032
1620240198750	geckodriver	INFO	Listening on 127.0.0.1:64108
1620240201828	mozrunner::runner	INFO	Running command: "C:\\Program Files\\Mozilla Firefox\\firefox.exe" "--marionette" "-headless" "-foreground" "-no-remote" "-profile" "C:\\Users\\marc\\AppData\\Local\\Temp\\rust_mozprofilehG1w4Y"
*** You are running in headless mode.
1620240202134	Marionette	INFO	Marionette enabled
console.warn: SearchSettings: "get: No settings file exists, new profile?" (new Error("", "(unknown module)"))
1620240203039	Marionette	INFO	Listening on port 64118
1620240203366	Marionette	WARN	TLS certificate errors will be ignored for this session
1620240211660	Marionette	INFO	Stopped listening on port 64118
1620240281870	geckodriver	INFO	Listening on 127.0.0.1:64226
1620240284939	mozrunner::runner	INFO	Running command: "C:\\Program Files\\Mozilla Firefox\\firefox.exe" "--marionette" "-headless" "-foreground" "-no-remote" "-profile" "C:\\Users\\marc\\AppData\\Local\\Temp\\rust_mozprofileny1xId"
*** You are running in headless mode.
1620240285263	Marionette	INFO	Marionette enabled
console.warn: SearchSettings: "get: No settings file exists, new profile?" (new Error("", "(unknown module)"))
1620240286170	Marionette	INFO	Listening on port 64235
1620240286475	Marionette	WARN	TLS certificate errors will be ignored for this session
1620240294723	Marionette	INFO	Stopped listening on port 64235

###!!! [Parent][RunMessage] Error: Channel closing: too late to send/recv, messages will be lost

1620240316837	geckodriver	INFO	Listening on 127.0.0.1:64319
1620240319885	mozrunner::runner	INFO	Running command: "C:\\Program Files\\Mozilla Firefox\\firefox.exe" "--marionette" "-headless" "-foreground" "-no-remote" "-profile" "C:\\Users\\marc\\AppData\\Local\\Temp\\rust_mozprofileczKZ2a"
*** You are running in headless mode.
1620240320189	Marionette	INFO	Marionette enabled
console.warn: SearchSettings: "get: No settings file exists, new profile?" (new Error("", "(unknown module)"))
1620240321115	Marionette	INFO	Listening on port 64328
1620240321439	Marionette	WARN	TLS certificate errors will be ignored for this session
1620240329957	Marionette	INFO	Stopped listening on port 64328

###!!! [Parent][RunMessage] Error: Channel closing: too late to send/recv, messages will be lost

1620240337212	geckodriver	INFO	Listening on 127.0.0.1:64400
1620240340312	mozrunner::runner	INFO	Running command: "C:\\Program Files\\Mozilla Firefox\\firefox.exe" "--marionette" "-headless" "-foreground" "-no-remote" "-profile" "C:\\Users\\marc\\AppData\\Local\\Temp\\rust_mozprofileBcphsD"
*** You are running in headless mode.
1620240340624	Marionette	INFO	Marionette enabled
console.warn: SearchSettings: "get: No settings file exists, new profile?" (new Error("", "(unknown module)"))
1620240341560	Marionette	INFO	Listening on port 64409
1620240341849	Marionette	WARN	TLS certificate errors will be ignored for this session
1620240350109	Marionette	INFO	Stopped listening on port 64409
1620240411323	geckodriver	INFO	Listening on 127.0.0.1:64509
1620240414402	mozrunner::runner	INFO	Running command: "C:\\Program Files\\Mozilla Firefox\\firefox.exe" "--marionette" "-headless" "-foreground" "-no-remote" "-profile" "C:\\Users\\marc\\AppData\\Local\\Temp\\rust_mozprofilesGOg31"
*** You are running in headless mode.
1620240414721	Marionette	INFO	Marionette enabled
console.warn: SearchSettings: "get: No settings file exists, new profile?" (new Error("", "(unknown module)"))
1620240415639	Marionette	INFO	Listening on port 64519
1620240415940	Marionette	WARN	TLS certificate errors will be ignored for this session
1620240424139	Marionette	INFO	Stopped listening on port 64519
1620240430995	geckodriver	INFO	Listening on 127.0.0.1:64592
1620240434041	mozrunner::runner	INFO	Running command: "C:\\Program Files\\Mozilla Firefox\\firefox.exe" "--marionette" "-headless" "-foreground" "-no-remote" "-profile" "C:\\Users\\marc\\AppData\\Local\\Temp\\rust_mozprofileOCQEWr"
*** You are running in headless mode.
1620240434347	Marionette	INFO	Marionette enabled
console.warn: SearchSettings: "get: No settings file exists, new profile?" (new Error("", "(unknown module)"))
1620240435273	Marionette	INFO	Listening on port 64602
1620240435597	Marionette	WARN	TLS certificate errors will be ignored for this session
JavaScript error: https://www.covid-19.pa.gov.br/js/app.63c363bd.js, line 1: TypeError: _0x4022d7[a1_0x1881(...)] is undefined
JavaScript error: https://www.covid-19.pa.gov.br/js/vendor.59a5677f.js, line 1: Error: Network Error
JavaScript error: https://www.covid-19.pa.gov.br/js/app.63c363bd.js, line 1: TypeError: _0x4022d7[a1_0x1881(...)] is undefined
A content process crashed and MOZ_CRASHREPORTER_SHUTDOWN is set, shutting down
[Parent 9964, IPC I/O Parent] WARNING: file /builds/worker/checkouts/gecko/ipc/chromium/src/base/process_util_win.cc:167
1620248339643	Marionette	INFO	Stopped listening on port 64602
is session
1620240464821	Marionette	INFO	Stopped listening on port 64685
1620240482349	geckodriver	INFO	Listening on 127.0.0.1:64766
1620240485438	mozrunner::runner	INFO	Running command: "C:\\Program Files\\Mozilla Firefox\\firefox.exe" "--marionette" "-headless" "-foreground" "-no-remote" "-profile" "C:\\Users\\marc\\AppData\\Local\\Temp\\rust_mozprofileRLdKXP"
*** You are running in headless mode.
1620240485756	Marionette	INFO	Marionette enabled
console.warn: SearchSettings: "get: No settings file exists, new profile?" (new Error("", "(unknown module)"))
1620240486876	Marionette	INFO	Listening on port 64775
1620240486990	Marionette	WARN	TLS certificate errors will be ignored for this session
JavaScript error: https://www.covid-19.pa.gov.br/js/app.63c363bd.js, line 1: TypeError: _0x4022d7[a1_0x1881(...)] is undefined
JavaScript error: https://www.covid-19.pa.gov.br/js/vendor.59a5677f.js, line 1: Error: Network Error
JavaScript error: https://www.covid-19.pa.gov.br/js/app.63c363bd.js, line 1: TypeError: _0x4022d7[a1_0x1881(...)] is undefined
A content process crashed and MOZ_CRASHREPORTER_SHUTDOWN is set, shutting down
[Parent 17348, IPC I/O Parent] WARNING: file /builds/worker/checkouts/gecko/ipc/chromium/src/base/process_util_win.cc:167
1620248334579	Marionette	INFO	Stopped listening on port 64775
s session
JavaScript error: https://www.covid-19.pa.gov.br/js/app.63c363bd.js, line 1: TypeError: _0x4022d7[a1_0x1881(...)] is undefined
JavaScript error: https://www.covid-19.pa.gov.br/js/app.63c363bd.js, line 1: TypeError: _0x4022d7[a1_0x1881(...)] is undefined
JavaScript error: https://www.covid-19.pa.gov.br/js/vendor.59a5677f.js, line 1: Error: Network Error
JavaScript error: https://www.covid-19.pa.gov.br/js/app.63c363bd.js, line 1: TypeError: _0x4022d7[a1_0x1881(...)] is undefined
JavaScript error: https://www.covid-19.pa.gov.br/js/app.63c363bd.js, line 1: TypeError: _0x4022d7[a1_0x1881(...)] is undefined
JavaScript error: https://www.covid-19.pa.gov.br/js/vendor.59a5677f.js, line 1: Error: Network Error
JavaScript error: https://www.covid-19.pa.gov.br/js/app.63c363bd.js, line 1: TypeError: _0x4022d7[a1_0x1881(...)] is undefined
JavaScript error: https://www.covid-19.pa.gov.br/js/app.63c363bd.js, line 1: TypeError: _0x4022d7[a1_0x1881(...)] is undefined
JavaScript error: https://www.covid-19.pa.gov.br/js/vendor.59a5677f.js, line 1: Error: Network Error
JavaScript error: https://www.covid-19.pa.gov.br/js/app.63c363bd.js, line 1: TypeError: _0x4022d7[a1_0x1881(...)] is undefined
JavaScript error: https://www.covid-19.pa.gov.br/js/app.63c363bd.js, line 1: TypeError: _0x4022d7[a1_0x1881(...)] is undefined
JavJavaScript error: https://www.covid-19.pa.gov.br/js/vendor.59a5677f.js, line 1: Error: Request failed with status code 401
A content process crashed and MOZ_CRASHREPORTER_SHUTDOWN is set, shutting down
[Parent 16688, IPC I/O Parent] WARNING: file /builds/worker/checkouts/gecko/ipc/chromium/src/base/process_util_win.cc:167
1620248335759	Marionette	INFO	Stopped listening on port 65065
3bd.js, line 1: TypeError: _0x4022d7[a1_0x1881(...)] is undefined
JavaScript error: https://www.covid-19.pa.gov.br/js/app.63c363bd.js, line 1: TypeError: _0x4022d7[a1_0x1881(...)] is undefined
JavaScript error: https://www.covid-19.pa.gov.br/js/vendor.59a5677f.js, line 1: Error: Network Error
JavaScript error: https://www.covid-19.pa.gov.br/js/app.63c363bd.js, line 1: TypeError: _0x4022d7[a1_0x1881(...)] is undefined
JavaScript error: https://www.covid-19.pa.gov.br/js/app.63c363bd.js, line 1: TypeError: _0x4022d7[a1_0x1881(...)] is undefined
JavaScript error: https://www.covid-19.pa.gov.br/js/app.63c363bd.js, line 1: TypeError: _0x4022d7[a1_0x1881(...)] is undefined
JavaScript error: https://www.covid-19.pa.gov.br/js/vendor.59a5677f.js, line 1: Error: Network Error
JavaScript error: https://www.covid-19.pa.gov.br/js/app.63c363bd.js, line 1: TypeError: _0x4022d7[a1_0x1881(...)] is undefined
JavaScript error: https://www.covid-19.pa.gov.br/js/app.63c363bd.js, line 1: TypeError: _0x4022d7[a1_0x1881(...)] is undefined
JavaScript error: https://www.covid-19.pa.gov.br/js/vendor.59a5677f.js, line 1: Error: Network Error
JavaScript error: https://www.covid-19.pa.gov.br/js/app.63c363bd.js, line 1: TypeError: _0x4022d7[a1_0x1881(...)] is undefined
JavaScript error: https://www.covid-19.pa.gov.br/js/app.63c363bd.js, line 1: TypeError: _0x4022d7[a1_0x1881(...)] is undefined
JavaScript error: https://www.covid-19.pa.gov.br/js/vendor.59a5677f.js, line 1: Error: Network Error
JavaScript error: https://www.covid-19.pa.gov.br/js/app.63c363bd.js, line 1: TyA content process crashed and MOZ_CRASHREPORTER_SHUTDOWN is set, shutting down
[Parent 4452, IPC I/O Parent] WARNING: file /builds/worker/checkouts/gecko/ipc/chromium/src/base/process_util_win.cc:167
1620248338619	Marionette	INFO	Stopped listening on port 65364
etwork Error
JavaScript error: https://www.covid-19.pa.gov.br/js/app.63c363bd.js, line 1: TypeError: _0x4022d7[a1_0x1881(...)] is undefined
JavaScript error: https://www.covid-19.pa.gov.br/js/app.63c363bd.js, line 1: TypeError: _0x4022d7[a1_0x1881(...)] is undefined
JavaScript error: https://www.covid-19.pa.gov.br/js/vendor.59a5677f.js, line 1: Error: Network Error
JavaScript error: https://www.covid-19.pa.gov.br/js/app.63c363bd.js, line 1: TypeError: _0x4022d7[a1_0x1881(...)] is undefined
JavaScript error: https://www.covid-19.pa.gov.br/js/app.63c363bd.js, line 1: TypeError: _0x4022d7[a1_0x1881(...)] is undefined
JavaScript error: https://www.covid-19.pa.gov.br/js/vendor.59a5677f.js, line 1: Error: Network Error
JavaScript error: https://www.covid-19.pa.gov.br/js/app.63c363bd.js, line 1: TypeError: _0x4022d7[a1_0x1881(...)] is undefined
JavaScript error: https://www.covid-19.pa.gov.br/js/app.63c363bd.js, line 1: TypeError: _0x4022d7[a1_0x1881(...)] is undefined
JavaScript error: https://www.covid-19.pa.gov.br/js/vendor.59a5677f.js, line 1: Error: Network Error
JavaScript error: https://www.covid-19.pa.gov.br/js/app.63c363bd.js, line 1: TypeError: _0x4022d7[a1_0x1881(...)] is undefined
JavaScript error: https://www.covid-19.pa.gov.br/js/app.63c363bd.js, line 1: TypeError: _0x4022d7[a1_0x1881(...)] is undefined
JavaScript error: https://www.covid-19.pa.gov.br/js/vendor.59a5677f.js, line 1: Error: Network Error
JavaScript error: https://www.covid-19.pa.gov.br/js/app.63c363bd.js, line 1: TypeError: _0x4022d7[a1_0x1881(...)] is undefined
JavaScript error: https://www.covid-19.pa.gov.br/js/app.63c363bd.js, line 1: TypeError: _0x4022d7[a1_0x1881(...)] is undefined
JavaScript error: https://www.covid-19.pa.gov.br/js/vendor.59a5677f.js, line 1: Error: Network Error
JavaScript error: https://www.covid-19.pa.gov.br/js/app.63c363bd.js, line 1: TypeError: _0x4022d7[a1_0x1881(...)] is undefined
JavaScript error: https://www.covid-19.pa.gov.br/js/app.63c363bd.js, line 1: TypeError: _0x4022d7[a1_0x1881(...)] is undefined
JavaScript error: https://www.covid-19.pa.gov.br/js/vendor.59a5677f.js, line 1: Error: Network Error
JavaScript error: https://www.covid-19.pa.gov.br/js/app.63c363bd.js, line 1: TypeError: _0x4022d7[a1_0x1881(...)] is undefined
JavaScript error: https://www.covid-19.pa.gov.br/js/app.63c363bd.js, line 1: TypeError: _0x4022d7[a1_0x1881(...)] is undefined
JavaScript error: https://www.covid-19.pa.gov.br/js/vendor.59a5677f.js, line 1: Error: Network Error
JavaScript error: https://www.covid-19.pa.gov.br/js/app.63c363bd.js, line 1: TypeError: _0x4022d7[a1_0x1881(...)] is undefined
JavaScript error: https://www.covid-19.pa.gov.br/js/app.63c363bd.js, line 1: TypeError: _0x4022d7[a1_0x1881(...)] is undefined
JavaScript error: https://www.covid-19.pa.gov.br/js/vendor.59a5677f.js, line 1: Error: Network Error
JavaScript error: https://www.covid-19.pa.gov.br/js/app.63c363bd.js, line 1: TypeError: _0x4022d7[a1_0x1881(...)] is undefined
JavaScript error: https://www.covid-19.pa.gov.br/js/app.63c363bd.js, line 1: TypeError: _0x4022d7[a1_0x1881(...)] is undefined
JavaScript error: https://www.covid-19.pa.gov.br/js/vendor.59a5677f.js, line 1: Error: Network Error
JavaScript error: https://www.covid-19.pa.gov.br/js/app.63c363bd.js, line 1: TypeError: _0x4022d7[a1_0x1881(...)] is undefined
JavaScript error: https://www.covid-19.pa.gov.br/js/app.63c363bd.js, line 1: TypeError: _0x4022d7[a1_0x1881(...)] is undefined
JavaScript error: https://www.covid-19.pa.gov.br/js/vendor.59a5677f.js, line 1: Error: Network Error
JavaScript error: https://www.covid-19.pa.gov.br/js/app.63c363bd.js, line 1: TypeError: _0x4022d7[a1_0x1881(...)] is undefined
JavaScript error: https://www.covid-19.pa.gov.br/js/app.63c363bd.js, line 1: TypeError: _0x4022d7[a1_0x1881(...)] is undefined
JavaScript error: https://www.covid-19.pa.gov.br/js/vendor.59a5677f.js, line 1: Error: Network Error
JavaScript error: https://www.covid-19.pa.gov.br/js/app.63c363bd.js, line 1: TypeError: _0x4022d7[a1_0x1881(...)] is undefined
JavaScript error: https://www.covid-19.pa.gov.br/js/app.63c363bd.js, line 1: TypeError: _0x4022d7[a1_0x1881(...)] is undefined
JavaScript error: https://www.covid-19.pa.gov.br/js/vendor.59a5677f.js, line 1: Error: Network Error
JavaScript error: https://www.covid-19.pa.gov.br/js/app.63c363bd.js, line 1: TypeError: _0x4022d7[a1_0x1881(...)] is undefined
JavaScript error: https://www.covid-19.pa.gov.br/js/app.63c363bd.js, line 1: TypeError: _0x4022d7[a1_0x1881(...)] is undefined
JavaScript error: https://www.covid-19.pa.gov.br/js/vendor.59a5677f.js, line 1: Error: Network Error
JavaScript error: https://www.covid-19.pa.gov.br/js/app.63c363bd.js, line 1: TypeError: _0x4022d7[a1_0x1881(...)] is undefined
JavaScript error: https://www.covid-19.pa.gov.br/js/app.63c363bd.js, line 1: TypeError: _0x4022d7[a1_0x1881(...)] is undefined
JavaScript error: https://www.covid-19.pa.gov.br/js/vendor.59a5677f.js, line 1: Error: Network Error
JavaScript error: https://www.covid-19.pa.gov.br/js/app.63c363bd.js, line 1: TypeError: _0x4022d7[a1_0x1881(...)] is undefined
JavaScript error: https://www.covid-19.pa.gov.br/js/app.63c363bd.js, line 1: TypeError: _0x4022d7[a1_0x1881(...)] is undefined
JavaScript error: https://www.covid-19.pa.gov.br/js/vendor.59a5677f.js, line 1: Error: Network Error
JavaScript error: https://www.covid-19.pa.gov.br/js/app.63c363bd.js, line 1: TypeError: _0x4022d7[a1_0x1881(...)] is undefined
JavaScript error: https://www.covid-19.pa.gov.br/js/app.63c363bd.js, line 1: TypeError: _0x4022d7[a1_0x1881(...)] is undefined
JavaScript error: https://www.covid-19.pa.gov.br/js/vendor.59a5677f.js, line 1: Error: Network Error
A content process crashed and MOZ_CRASHREPORTER_SHUTDOWN is set, shutting down
[Parent 11196, IPC I/O Parent] WARNING: file /builds/worker/checkouts/gecko/ipc/chromium/src/base/process_util_win.cc:167
1620248329655	Marionette	INFO	Stopped listening on port 64867
_0x4022d7[a1_0x1881(...)] is undefined
JavaScript error: https://www.covid-19.pa.gov.br/js/app.63c363bd.js, line 1: TypeError: _0x4022d7[a1_0x1881(...)] is undefined
JavaScript error: https://www.covid-19.pa.gov.br/js/vendor.59a5677f.js, line 1: Error: Network Error
JavaScript error: https://www.covid-19.pa.gov.br/js/app.63c363bd.js, line 1: TypeError: _0x4022d7[a1_0x1881(...)] is undefined
JavaScript error: https://www.covid-19.pa.gov.br/js/app.63c363bd.js, line 1: TypeError: _0x4022d7[a1_0x1881(...)] is undefined
JavaScript error: https://www.covid-19.pa.gov.br/js/vendor.59a5677f.js, line 1: Error: Network Error
JavaScript error: https://www.covid-19.pa.gov.br/js/app.63c363bd.js, line 1: TypeError: _0x4022d7[a1_0x1881(...)] is undefined
JavaScript error: https://www.covid-19.pa.gov.br/js/app.63c363bd.js, line 1: TypeError: _0x4022d7[a1_0x1881(...)] is undefined
JavaScript error: https://www.covid-19.pa.gov.br/js/vendor.59a5677f.js, line 1: Error: Network Error
JavaScript error: https://www.covid-19.pa.gov.br/js/app.63c363bd.js, line 1: TypeError: _0x4022d7[a1_0x1881(...)] is undefined
JavaScript error: https://www.covid-19.pa.gov.br/js/app.63c363bd.js, line 1: TypeError: _0x4022d7[a1_0x1881(...)] is undefined
JavaScript error: https://www.covid-19.pa.gov.br/js/vendor.59a5677f.js, line 1: Error: Network Error
A content process crashed and MOZ_CRASHREPORTER_SHUTDOWN is set, shutting down
[Parent 15556, IPC I/O Parent] WARNING: file /builds/worker/checkouts/gecko/ipc/chromium/src/base/process_util_win.cc:167
1620248326504	Marionette	INFO	Stopped listening on port 65163

###!!! [Parent][RunMessage] Error: Channel closing: too late to send/recv, messages will be lost

tte enabled
console.warn: SearchSettings: "get: No settings file exists, new profile?" (new Error("", "(unknown module)"))
1620248152478	Marionette	INFO	Listening on port 51285
1620248152705	Marionette	WARN	TLS certificate errors will be ignored for this session
A content process crashed and MOZ_CRASHREPORTER_SHUTDOWN is set, shutting down
[Parent 6844, IPC I/O Parent] WARNING: file /builds/worker/checkouts/gecko/ipc/chromium/src/base/process_util_win.cc:167
1620248333037	Marionette	INFO	Stopped listening on port 51285

###!!! [Parent][RunMessage] Error: Channel closing: too late to send/recv, messages will be lost

ette enabled
console.warn: SearchSettings: "get: No settings file exists, new profile?" (new Error("", "(unknown module)"))
1620248181217	Marionette	INFO	Listening on port 51359
1620248181280	Marionette	WARN	TLS certificate errors will be ignored for this session
A content process crashed and MOZ_CRASHREPORTER_SHUTDOWN is set, shutting down
[Parent 1952, IPC I/O Parent] WARNING: file /builds/worker/checkouts/gecko/ipc/chromium/src/base/process_util_win.cc:167
1620248327126	Marionette	INFO	Stopped listening on port 51359
mp\\rust_mozprofilewvTig7"
*** You are running in headless mode.
1620248240971	Marionette	INFO	Marionette enabled
console.warn: SearchSettings: "get: No settings file exists, new profile?" (new Error("", "(unknown module)"))
1620248243573	Marionette	INFO	Listening on port 51447
1620248243971	Marionette	WARN	TLS certificate errors will be ignored for this session
A content process crashed and MOZ_CRASHREPORTER_SHUTDOWN is set, shutting down
[Parent 13108, IPC I/O Parent] WARNING: file /builds/worker/checkouts/gecko/ipc/chromium/src/base/process_util_win.cc:167
1620248333717	Marionette	INFO	Stopped listening on port 51447

###!!! [Parent][RunMessage] Error: Channel closing: too late to send/recv, messages will be lost

tte enabled
console.warn: SearchSettings: "get: No settings file exists, new profile?" (new Error("", "(unknown module)"))
1620248314329	Marionette	INFO	Listening on port 51595
1620248314525	Marionette	WARN	TLS certificate errors will be ignored for this session
A content process crashed and MOZ_CRASHREPORTER_SHUTDOWN is set, shutting down
[Parent 19424, IPC I/O Parent] WARNING: file /builds/worker/checkouts/gecko/ipc/chromium/src/base/process_util_win.cc:167
1620248324710	Marionette	INFO	Stopped listening on port 51595
1620248422927	geckodriver	INFO	Listening on 127.0.0.1:51693
1620248425975	mozrunner::runner	INFO	Running command: "C:\\Program Files\\Mozilla Firefox\\firefox.exe" "--marionette" "-headless" "-foreground" "-no-remote" "-profile" "C:\\Users\\marc\\AppData\\Local\\Temp\\rust_mozprofilepFkAOC"
*** You are running in headless mode.
1620248426320	Marionette	INFO	Marionette enabled
console.warn: SearchSettings: "get: No settings file exists, new profile?" (new Error("", "(unknown module)"))
1620248427361	Marionette	INFO	Listening on port 51701
1620248427522	Marionette	WARN	TLS certificate errors will be ignored for this session
1620248436781	Marionette	INFO	Stopped listening on port 51701
1620248552898	geckodriver	INFO	Listening on 127.0.0.1:51867
1620248555977	mozrunner::runner	INFO	Running command: "C:\\Program Files\\Mozilla Firefox\\firefox.exe" "--marionette" "-headless" "-foreground" "-no-remote" "-profile" "C:\\Users\\marc\\AppData\\Local\\Temp\\rust_mozprofilekerHv0"
*** You are running in headless mode.
1620248556305	Marionette	INFO	Marionette enabled
console.warn: SearchSettings: "get: No settings file exists, new profile?" (new Error("", "(unknown module)"))
1620248557259	Marionette	INFO	Listening on port 51876
1620248557519	Marionette	WARN	TLS certificate errors will be ignored for this session
1620248590900	geckodriver	INFO	Listening on 127.0.0.1:51970
1620248593950	mozrunner::runner	INFO	Running command: "C:\\Program Files\\Mozilla Firefox\\firefox.exe" "--marionette" "-headless" "-foreground" "-no-remote" "-profile" "C:\\Users\\marc\\AppData\\Local\\Temp\\rust_mozprofilemOmYui"
*** You are running in headless mode.
1620248594286	Marionette	INFO	Marionette enabled
console.warn: SearchSettings: "get: No settings file exists, new profile?" (new Error("", "(unknown module)"))
1620248595336	Marionette	INFO	Listening on port 51979
1620248595511	Marionette	WARN	TLS certificate errors will be ignored for this session
A content process crashed and MOZ_CRASHREPORTER_SHUTDOWN is set, shutting down
[Parent 10964, IPC I/O Parent] WARNING: file /builds/worker/checkouts/gecko/ipc/chromium/src/base/process_util_win.cc:167
1620248601344	Marionette	INFO	Stopped listening on port 51979
1620248656881	geckodriver	INFO	Listening on 127.0.0.1:52058
1620248659952	mozrunner::runner	INFO	Running command: "C:\\Program Files\\Mozilla Firefox\\firefox.exe" "--marionette" "-headless" "-foreground" "-no-remote" "-profile" "C:\\Users\\marc\\AppData\\Local\\Temp\\rust_mozprofile1ZY7u9"
*** You are running in headless mode.
1620248660255	Marionette	INFO	Marionette enabled
console.warn: SearchSettings: "get: No settings file exists, new profile?" (new Error("", "(unknown module)"))
1620248661159	Marionette	INFO	Listening on port 52067
1620248661481	Marionette	WARN	TLS certificate errors will be ignored for this session
1620248674202	Marionette	INFO	Stopped listening on port 52067
1620248701652	geckodriver	INFO	Listening on 127.0.0.1:52154
1620248704722	mozrunner::runner	INFO	Running command: "C:\\Program Files\\Mozilla Firefox\\firefox.exe" "--marionette" "-headless" "-foreground" "-no-remote" "-profile" "C:\\Users\\marc\\AppData\\Local\\Temp\\rust_mozprofilepFK4oT"
*** You are running in headless mode.
1620248705031	Marionette	INFO	Marionette enabled
console.warn: SearchSettings: "get: No settings file exists, new profile?" (new Error("", "(unknown module)"))
1620248705991	Marionette	INFO	Listening on port 52163
1620248706256	Marionette	WARN	TLS certificate errors will be ignored for this session
A content process crashed and MOZ_CRASHREPORTER_SHUTDOWN is set, shutting down
[Parent 2084, IPC I/O Parent] WARNING: file /builds/worker/checkouts/gecko/ipc/chromium/src/base/process_util_win.cc:167
1620248838983	Marionette	INFO	Stopped listening on port 52163
mp\\rust_mozprofileRys7AP"
*** You are running in headless mode.
1620248815700	Marionette	INFO	Marionette enabled
console.warn: SearchSettings: "get: No settings file exists, new profile?" (new Error("", "(unknown module)"))
1620248816726	Marionette	INFO	Listening on port 52349
1620248816960	Marionette	WARN	TLS certificate errors will be ignored for this session
A content process crashed and MOZ_CRASHREPORTER_SHUTDOWN is set, shutting down
[Parent 3372, IPC I/O Parent] WARNING: file /builds/worker/checkouts/gecko/ipc/chromium/src/base/process_util_win.cc:167
1620248843790	Marionette	INFO	Stopped listening on port 52349

###!!! [Parent][RunMessage] Error: Channel closing: too late to send/recv, messages will be lost

1620248909918	geckodriver	INFO	Listening on 127.0.0.1:52491
1620248912981	mozrunner::runner	INFO	Running command: "C:\\Program Files\\Mozilla Firefox\\firefox.exe" "--marionette" "-headless" "-foreground" "-no-remote" "-profile" "C:\\Users\\marc\\AppData\\Local\\Temp\\rust_mozprofilerKxXLJ"
*** You are running in headless mode.
1620248913294	Marionette	INFO	Marionette enabled
console.warn: SearchSettings: "get: No settings file exists, new profile?" (new Error("", "(unknown module)"))
1620248914206	Marionette	INFO	Listening on port 52501
1620248914529	Marionette	WARN	TLS certificate errors will be ignored for this session
A content process crashed and MOZ_CRASHREPORTER_SHUTDOWN is set, shutting down
[Parent 17932, IPC I/O Parent] WARNING: file /builds/worker/checkouts/gecko/ipc/chromium/src/base/process_util_win.cc:167
1620248936986	Marionette	INFO	Stopped listening on port 52501
1620249023967	geckodriver	INFO	Listening on 127.0.0.1:52678
1620249027026	mozrunner::runner	INFO	Running command: "C:\\Program Files\\Mozilla Firefox\\firefox.exe" "--marionette" "-headless" "-foreground" "-no-remote" "-profile" "C:\\Users\\marc\\AppData\\Local\\Temp\\rust_mozprofilemZMoDg"
*** You are running in headless mode.
1620249027342	Marionette	INFO	Marionette enabled
console.warn: SearchSettings: "get: No settings file exists, new profile?" (new Error("", "(unknown module)"))
1620249028281	Marionette	INFO	Listening on port 52687
1620249028551	Marionette	WARN	TLS certificate errors will be ignored for this session
1620249038194	Marionette	INFO	Stopped listening on port 52687

###!!! [Parent][RunMessage] Error: Channel closing: too late to send/recv, messages will be lost

1620249283510	geckodriver	INFO	Listening on 127.0.0.1:53143
1620249286577	mozrunner::runner	INFO	Running command: "C:\\Program Files\\Mozilla Firefox\\firefox.exe" "--marionette" "-headless" "-foreground" "-no-remote" "-profile" "C:\\Users\\marc\\AppData\\Local\\Temp\\rust_mozprofileOI8s7Q"
*** You are running in headless mode.
1620249286898	Marionette	INFO	Marionette enabled
console.warn: SearchSettings: "get: No settings file exists, new profile?" (new Error("", "(unknown module)"))
1620249287828	Marionette	INFO	Listening on port 53152
1620249288100	Marionette	WARN	TLS certificate errors will be ignored for this session
1620249297326	Marionette	INFO	Stopped listening on port 53152
1620249313353	geckodriver	INFO	Listening on 127.0.0.1:53234
1620249316419	mozrunner::runner	INFO	Running command: "C:\\Program Files\\Mozilla Firefox\\firefox.exe" "--marionette" "-headless" "-foreground" "-no-remote" "-profile" "C:\\Users\\marc\\AppData\\Local\\Temp\\rust_mozprofile669mYT"
*** You are running in headless mode.
1620249316726	Marionette	INFO	Marionette enabled
console.warn: SearchSettings: "get: No settings file exists, new profile?" (new Error("", "(unknown module)"))
1620249317654	Marionette	INFO	Listening on port 53243
1620249317967	Marionette	WARN	TLS certificate errors will be ignored for this session
JavaScript error: https://www.covid-19.pa.gov.br/js/app.63c363bd.js, line 1: TypeError: _0x4022d7[a1_0x1881(...)] is undefined
JavaScript error: https://www.covid-19.pa.gov.br/js/app.63c363bd.js, line 1: TypeError: _0x4022d7[a1_0x1881(...)] is undefined
JavaScript error: https://www.covid-19.pa.gov.br/js/vendor.59a5677f.js, line 1: Error: Network Error
JavaScript error: https://www.covid-19.pa.gov.br/js/app.63c363bd.js, line 1: TypeError: _0x4022d7[a1_0x1881(...)] is undefined
JavaScript error: https://www.covid-19.pa.gov.br/js/app.63c363bd.js, line 1: TypeError: _0x4022d7[a1_0x1881(...)] is undefined
JavaScript error: httJavaScript error: https://www.covid-19.pa.gov.br/js/app.63c363bd.js, line 1: TypeError: _0x4022d7[a1_0x1881(...)] is undefined
JavaScript error: https://www.covid-19.pa.gov.br/js/vendor.59a5677f.js, line 1: Error: Network Error
JavaScript error: https://www.covid-19.pa.gov.br/js/app.63c363bd.js, line 1: TypeError: _0x4022d7[a1_0x1881(...)] is undefined
JavaScript error: https://www.covid-19.pa.gov.br/js/app.63c363bd.js, line 1: TypeError: _0x4022d7[a1_0x1881(...)] is undefined
JavaScript error: https://www.covid-19.pa.gov.br/js/vendor.59a5677f.js, line 1: Error: Network Error
JavaScript error: https://www.covid-19.pa.gov.br/js/app.63c363bd.js, line 1: TypeError: _0x4022d7[a1_0x1881(...)] is undefined
A content process crashed and MOZ_CRASHREPORTER_SHUTDOWN is set, shutting down
[Parent 9376, IPC I/O Parent] WARNING: file /builds/worker/checkouts/gecko/ipc/chromium/src/base/process_util_win.cc:167
1620307923720	Marionette	INFO	Stopped listening on port 53329
or.59a5677f.js, line 1: Error: Network Error
JavaScript error: https://www.covid-19.pa.gov.br/js/app.63c363bd.js, line 1: TypeError: _0x4022d7[a1_0x1881(...)] is undefined
JavaScript error: https://www.covid-19.pa.gov.br/js/app.63c363bd.js, line 1: TypeError: _0x4022d7[a1_0x1881(...)] is undefined
JavaScript error: https://www.covid-19.pa.gov.br/js/app.63c363bd.js, line 1: TypeError: _0x4022d7[a1_0x1881(...)] is undefined
JavaScript error: https:JavaScript error: https://www.covid-19.pa.gov.br/js/app.63c363bd.js, line 1: TypeError: _0x4022d7[a1_0x1881(...)] is undefined
JavaScript error: https://www.covid-19.pa.gov.br/js/vendor.59a5677f.js, line 1: Error: Network Error
JavaScript error: https://www.covid-19.pa.gov.br/js/app.63c363bd.js, line 1: TypeError: _0x4022d7[a1_0x1881(...)] is undefined
JavaScript error: https://www.covid-19.pa.gov.br/js/app.63c363bd.js, line 1: TypeError: _0x4022d7[a1_0x1881(...)] is undefined
JavaScript error: https://www.covid-19.pa.gov.br/js/vendor.59a5677f.js, line 1: Error: Network Error
JavaScript error: https://www.covid-19.pa.gov.br/js/app.63c363bd.js, line 1: TypeError: _0x4022d7[a1_0x1881(...)] is undefined
A content process crashed and MOZ_CRASHREPORTER_SHUTDOWN is set, shutting down
[Parent 6020, IPC I/O Parent] WARNING: file /builds/worker/checkouts/gecko/ipc/chromium/src/base/process_util_win.cc:167
1620307922455	Marionette	INFO	Stopped listening on port 53663
363bd.js, line 1: TypeError: _0x4022d7[a1_0x1881(...)] is undefined
JavaScript error: https://www.covid-19.pa.gov.br/js/vendor.59a5677f.js, line 1: Error: Network Error
JavaScript error: https://www.covid-19.pa.gov.br/js/app.63c363bd.js, line 1: TypeError: _0x4022d7[a1_0x1881(...)] is undefined
JavaScript error: https://www.covid-19.pa.gov.br/js/app.63c363bd.js, line 1: TypeError: _0x4022d7[a1_0x1881(...)] is undefined
JavaScript error: https://www.covid-19.pa.gov.br/js/vendor.59a5677f.js, line 1: Error: Network Error
JavaScript error: https://www.covid-19.pa.gov.br/js/app.63c363bd.js, line 1: TypeError: _0x4022d7[a1_0x1881(...)] is undefined
JavaScript error: https://www.covid-19.pa.gov.br/js/app.63c363bd.js, line 1: TypeError: _0x4022d7[a1_0x1881(...)] is undefined
JavaScript error: https://www.covid-19.pa.gov.br/js/vendor.59a5677f.js, line 1: Error: Network Error
JavaScript error: https://www.covid-19.pa.gov.br/js/app.63c363bd.js, line 1: TypeError: _0x4022d7[a1_0x1881(...)] is undefined
JavaScript error: https://www.covid-19.pa.gov.br/js/app.63c363bd.js, line 1: TypeError: _0x4022d7[a1_0x1881(...)] is undefined
JavaScript error: https://www.covid-19.pa.gov.br/js/vendor.59a5677f.js, line 1: Error: Network Error
JavaScript error: https://www.covid-19.pa.gov.br/js/app.63c363bd.js, line 1: TypeError: _0x4022d7[a1_0x1881(...)] is undefined
JavaScript error: https://www.covid-19.pa.gov.br/js/app.63c363bd.js, line 1: TypeError: _0x4022d7[a1_0x1881(...)] is undefined
JavaScript error: https://www.covid-19.pa.gov.br/js/vendor.59a5677f.js, line 1: Error: Network Error
JavaScript error: https://www.covid-19.pa.gov.br/js/app.63c363bd.js, line 1: TypeError: _0x4022d7[a1_0x1881(...)] is undefined
JavaScript error: https://www.covid-19.pa.gov.br/js/vendor.59a5677f.js, line 1: Error: Network Error
JavaScript error: https://www.covid-19.pa.gov.br/js/app.63c363bd.js, line 1: TypeError: _0x4022d7[a1_0x1881(...)] is undefined
JavaScript error: https://www.covid-19.pa.gov.br/js/app.63c363bd.js, line 1: TypeError: _0x4022d7[a1_0x1881(...)] is undefined
JavaScript error: https://www.covid-19.pa.gov.br/js/app.63c363bd.js, line 1: TypeError: _0x4022d7[a1_0x1881(...)] is undefined
JavaScript error: https://www.covid-19.pa.gov.br/js/vendor.59a5677f.js, line 1: Error: Network Error
JavaScript error: https://www.covid-19.pa.gov.br/js/app.63c363bd.js, line 1: TypeError: _0x4022d7[a1_0x1881(...)] is undefined
JavaScript error: https://www.covid-19.pa.gov.br/js/vendor.59a5677f.js, line 1: Error: Network Error
JavaScript error: https://www.covid-19.pa.gov.br/js/app.63c363bd.js, line 1: TypeError: _0x4022d7[a1_0x1881(...)] is undefined
JavaScript error: https://www.covid-19.pa.gov.br/js/app.63c363bd.js, line 1: TypeError: _0x4022d7[a1_0x1881(...)] is undefined
JavaScript error: https://www.covid-19.pa.gov.br/js/app.63c363bd.js, line 1: TypeError: _0x4022d7[a1_0x1881(...)] is undefined
JavaScript error: https://www.covid-19.pa.gov.br/js/vendor.59a5677f.js, line 1: Error: Network Error
JavaScript error: https://www.covid-19.pa.gov.br/js/app.63c363bd.js, line 1: TypeError: _0x4022d7[a1_0x1881(...)] is undefined
JavaScript error: https://www.covid-19.pa.gov.br/js/vendor.59a5677f.js, line 1: Error: Network Error
JavaScript error: https://www.covid-19.pa.gov.br/js/app.63c363bd.js, line 1: TypeError: _0x4022d7[a1_0x1881(...)] is undefined
JavaScript error: https://www.covid-19.pa.gov.br/js/app.63c363bd.js, line 1: TypeError: _0x4022d7[a1_0x1881(...)] is undefined
JavaScript error: https://www.covid-19.pa.gov.br/js/vendor.59a5677f.js, line 1: Error: Network Error
JavaScript error: https://www.covid-19.pa.gov.br/js/app.63c363bd.js, line 1: TypeError: _0x4022d7[a1_0x1881(...)] is undefined
JavaScript error: https://www.covid-19.pa.gov.br/js/app.63c363bd.js, line 1: TypeError: _0x4022d7[a1_0x1881(...)] is undefined
JavaScript error: https://www.covid-19.pa.gov.br/js/app.63c363bd.js, line 1: TypeError: _0x4022d7[a1_0x1881(...)] is undefined
JavaScript error: https://www.covid-19.pa.gov.br/js/vendor.59a5677f.js, line 1: Error: Network Error
JavaScript error: https://www.covid-19.pa.gov.br/js/app.63c363bd.js, line 1: TypeError: _0x4022d7[a1_0x1881(...)] is undefined
JavaScript error: https://www.covid-19.pa.gov.br/js/app.63c363bd.js, line 1: TypeError: _0x4022d7[a1_0x1881(...)] is undefined
JavaScript error: https://www.covid-19.pa.gov.br/js/vendor.59a5677f.js, line 1: Error: Network Error
JavaScript error: https://www.covid-19.pa.gov.br/js/app.63c363bd.js, line 1: TypeError: _0x4022d7[a1_0x1881(...)] is undefined
JavaScript error: https://www.covid-19.pa.gov.br/js/app.63c363bd.js, line 1: TypeError: _0x4022d7[a1_0x1881(...)] is undefined
JavaScript error: https://www.covid-19.pa.gov.br/js/vendor.59a5677f.js, line 1: Error: Network Error
JavaScript error: https://www.covid-19.pa.gov.br/js/app.63c363bd.js, line 1: TypeError: _0x4022d7[a1_0x1881(...)] is undefined
JavaScript error: https://www.covid-19.pa.gov.br/js/app.63c363bd.js, line 1: TypeError: _0x4022d7[a1_0x1881(...)] is undefined
JavaScript error: https://www.covid-19.pa.gov.br/js/vendor.59a5677f.js, line 1: Error: Network Error
JavaScript error: https://www.covid-19.pa.gov.br/js/app.63c363bd.js, line 1: TypeError: _0x4022d7[a1_0x1881(...)] is undefined
JavaScript error: https://www.covid-19.pa.gov.br/js/app.63c363bd.js, line 1: TypeError: _0x4022d7[a1_0x1881(...)] is undefined
JavaScript error: https://www.covid-19.pa.gov.br/js/vendor.59a5677f.js, line 1: Error: Network Error
JavaScript error: https://www.covid-19.pa.gov.br/js/app.63c363bd.js, line 1: TypeError: _0x4022d7[a1_0x1881(...)] is undefined
JavaScript error: https://www.covid-19.pa.gov.br/js/app.63c363bd.js, line 1: TypeError: _0x4022d7[a1_0x1881(...)] is undefined
JavaScript error: https://www.covid-19.pa.gov.br/js/vendor.59a5677f.js, line 1: Error: Network Error
JavaScript error: https://www.covid-19.pa.gov.br/js/app.63c363bd.js, line 1: TypeError: _0x4022d7[a1_0x1881(...)] is undefined
JavaScript error: https://www.covid-19.pa.gov.br/js/vendor.59a5677f.js, line 1: Error: Network Error
JavaScript error: https://www.covid-19.pa.gov.br/js/app.63c363bd.js, line 1: TypeError: _0x4022d7[a1_0x1881(...)] is undefined
JavaScript error: https://www.covid-19.pa.gov.br/js/app.63c363bd.js, line 1: TypeError: _0x4022d7[a1_0x1881(...)] is undefined
JavaScript error: https://www.covid-19.pa.gov.br/js/app.63c363bd.js, line 1: TypeError: _0x4022d7[a1_0x1881(...)] is undefined
JavaScript error: https://www.covid-19.pa.gov.br/js/vendor.59a5677f.js, line 1: Error: Network Error
JavaScript error: https://www.covid-19.pa.gov.br/js/app.63c363bd.js, line 1: TypeError: _0x4022d7[a1_0x1881(...)] is undefined
JavaScript error: https://www.covid-19.pa.gov.br/js/app.63c363bd.js, line 1: TypeError: _0x4022d7[a1_0x1881(...)] is undefined
JavaScript error: https://www.covid-19.pa.gov.br/js/vendor.59a5677f.js, line 1: Error: Network Error
JavaScript error: https://www.covid-19.pa.gov.br/js/app.63c363bd.js, line 1: TypeError: _0x4022d7[a1_0x1881(...)] is undefined
JavaScript error: https://www.covid-19.pa.gov.br/js/app.63c363bd.js, line 1: TypeError: _0x4022d7[a1_0x1881(...)] is undefined
JavaScript error: https://www.covid-19.pa.gov.br/js/vendor.59a5677f.js, line 1: Error: Network Error
JavaScript error: https://www.covid-19.pa.gov.br/js/app.63c363bd.js, line 1: TypeError: _0x4022d7[a1_0x1881(...)] is undefined
JavaScript error: https://www.covid-19.pa.gov.br/js/app.63c363bd.js, line 1: TypeError: _0x4022d7[a1_0x1881(...)] is undefined
JavaScript error: https://www.covid-19.pa.gov.br/js/vendor.59a5677f.js, line 1: Error: Network Error
JavaScript error: https://www.covid-19.pa.gov.br/js/app.63c363bd.js, line 1: TypeError: _0x4022d7[a1_0x1881(...)] is undefined
JavaScript error: https://www.covid-19.pa.gov.br/js/app.63c363bd.js, line 1: TypeError: _0x4022d7[a1_0x1881(...)] is undefined
JavaScript error: https://www.covid-19.pa.gov.br/js/vendor.59a5677f.js, line 1: Error: Network Error
JavaScript error: https://www.covid-19.pa.gov.br/js/app.63c363bd.js, line 1: TypeError: _0x4022d7[a1_0x1881(...)] is undefined
JavaScript error: https://www.covid-19.pa.gov.br/js/app.63c363bd.js, line 1: TypeError: _0x4022d7[a1_0x1881(...)] is undefined
JavaScript error: https://www.covid-19.pa.gov.br/js/vendor.59a5677f.js, line 1: Error: Network Error
JavaScript error: https://www.covid-19.pa.gov.br/js/app.63c363bd.js, line 1: TypeError: _0x4022d7[a1_0x1881(...)] is undefined
JavaScript error: https://www.covid-19.pa.gov.br/js/app.63c363bd.js, line 1: TypeError: _0x4022d7[a1_0x1881(...)] is undefined
JavaScript error: https://www.covid-19.pa.gov.br/js/vendor.59a5677f.js, line 1: Error: Network Error
JavaScript error: https://www.covid-19.pa.gov.br/js/app.63c363bd.js, line 1: TypeError: _0x4022d7[a1_0x1881(...)] is undefined
JavaScript error: https://www.covid-19.pa.gov.br/js/app.63c363bd.js, line 1: TypeError: _0x4022d7[a1_0x1881(...)] is undefined
JavaScript error: https://www.covid-19.pa.gov.br/js/vendor.59a5677f.js, line 1: Error: Network Error
JavaScript error: https://www.covid-19.pa.gov.br/js/app.63c363bd.js, line 1: TypeError: _0x4022d7[a1_0x1881(...)] is undefined
JavaScript error: https://www.covid-19.pa.gov.br/js/app.63c363bd.js, line 1: TypeError: _0x4022d7[a1_0x1881(...)] is undefined
JavaScript error: https://www.covid-19.pa.gov.br/js/vendor.59a5677f.js, line 1: Error: Network Error
JavaScript error: https://www.covid-19.pa.gov.br/js/app.63c363bd.js, line 1: TypeError: _0x4022d7[a1_0x1881(...)] is undefined
JavaScript error: https://www.covid-19.pa.gov.br/js/vendor.59a5677f.js, line 1: Error: Network Error
JavaScript error: https://www.covid-19.pa.gov.br/js/app.63c363bd.js, line 1: TypeError: _0x4022d7[a1_0x1881(...)] is undefined
JavaScript error: https://www.covid-19.pa.gov.br/js/app.63c363bd.js, line 1: TypeError: _0x4022d7[a1_0x1881(...)] is undefined
JavaScript error: https://www.covid-19.pa.gov.br/js/app.63c363bd.js, line 1: TypeError: _0x4022d7[a1_0x1881(...)] is undefined
JavaScript error: https://www.covid-19.pa.gov.br/js/vendor.59a5677f.js, line 1: Error: Network Error
JavaScript error: https://www.covid-19.pa.gov.br/js/app.63c363bd.js, line 1: TypeError: _0x4022d7[a1_0x1881(...)] is undefined
JavaScript error: https://www.covid-19.pa.gov.br/js/app.63c363bd.js, line 1: TypeError: _0x4022d7[a1_0x1881(...)] is undefined
JavaScript error: https://www.covid-19.pa.gov.br/js/vendor.59a5677f.js, line 1: Error: Network Error
JavaScript error: https://www.covid-19.pa.gov.br/js/app.63c363bd.js, line 1: TypeError: _0x4022d7[a1_0x1881(...)] is undefined
JavaScript error: https://www.covid-19.pa.gov.br/js/vendor.59a5677f.js, line 1: Error: Network Error
JavaScript error: https://www.covid-19.pa.gov.br/js/app.63c363bd.js, line 1: TypeError: _0x4022d7[a1_0x1881(...)] is undefined
JavaScript error: https://www.covid-19.pa.gov.br/js/app.63c363bd.js, line 1: TypeError: _0x4022d7[a1_0x1881(...)] is undefined
JavaScript error: https://www.covid-19.pa.gov.br/js/vendor.59a5677f.js, line 1: Error: Network Error
JavaScript error: https://www.covid-19.pa.gov.br/js/app.63c363bd.js, line 1: TypeError: _0x4022d7[a1_0x1881(...)] is undefined
JavaScript error: https://www.covid-19.pa.gov.br/js/app.63c363bd.js, line 1: TypeError: _0x4022d7[a1_0x1881(...)] is undefined
JavaScript error: https://www.covid-19.pa.gov.br/js/vendor.59a5677f.js, line 1: Error: Network Error
JavaScript error: https://www.covid-19.pa.gov.br/js/app.63c363bd.js, line 1: TypeError: _0x4022d7[a1_0x1881(...)] is undefined
JavaScript error: https://www.covid-19.pa.gov.br/js/app.63c363bd.js, line 1: TypeError: _0x4022d7[a1_0x1881(...)] is undefined
JavaScript error: https://www.covid-19.pa.gov.br/js/vendor.59a5677f.js, line 1: Error: Network Error
JavaScript error: https://www.covid-19.pa.gov.br/js/app.63c363bd.js, line 1: TypeError: _0x4022d7[a1_0x1881(...)] is undefined
JavaScript error: https://www.covid-19.pa.gov.br/js/app.63c363bd.js, line 1: TypeError: _0x4022d7[a1_0x1881(...)] is undefined
JavaScript error: https://www.covid-19.pa.gov.br/js/vendor.59a5677f.js, line 1: Error: Network Error
JavaScript error: https://www.covid-19.pa.gov.br/js/app.63c363bd.js, line 1: TypeError: _0x4022d7[a1_0x1881(...)] is undefined
JavaScript error: https://www.covid-19.pa.gov.br/js/app.63c363bd.js, line 1: TypeError: _0x4022d7[a1_0x1881(...)] is undefined
JavaScript error: https://www.covid-19.pa.gov.br/js/app.63c363bd.js, line 1: TypeError: _0x4022d7[a1_0x1881(...)] is undefined
JavaScript error: https://www.covid-19.pa.gov.br/js/vendor.59a5677f.js, line 1: Error: Network Error
JavaScript error: https://www.covid-19.pa.gov.br/js/app.63c363bd.js, line 1: TypeError: _0x4022d7[a1_0x1881(...)] is undefined
JavaScript error: https://www.covid-19.pa.gov.br/js/vendor.59a5677f.js, line 1: Error: Network Error
JavaScript error: https://www.covid-19.pa.gov.br/js/app.63c363bd.js, line 1: TypeError: _0x4022d7[a1_0x1881(...)] is undefined
JavaScript error: https://www.covid-19.pa.gov.br/js/app.63c363bd.js, line 1: TypeError: _0x4022d7[a1_0x1881(...)] is undefined
JavaScript error: https://www.covid-19.pa.gov.br/js/app.63c363bd.js, line 1: TypeError: _0x4022d7[a1_0x1881(...)] is undefined
JavaScript error: https://www.covid-19.pa.gov.br/js/vendor.59a5677f.js, line 1: Error: Network Error
JavaScript error: https://www.covid-19.pa.gov.br/js/app.63c363bd.js, line 1: TypeError: _0x4022d7[a1_0x1881(...)] is undefined
JavaScript error: https://www.covid-19.pa.gov.br/js/app.63c363bd.js, line 1: TypeError: _0x4022d7[a1_0x1881(...)] is undefined
JavaScript error: https://www.covid-19.pa.gov.br/js/vendor.59a5677f.js, line 1: Error: Network Error
JavaScript error: https://www.covid-19.pa.gov.br/js/app.63c363bd.js, line 1: TypeError: _0x4022d7[a1_0x1881(...)] is undefined
JavaScript error: https://www.covid-19.pa.gov.br/js/vendor.59a5677f.js, line 1: Error: Network Error
JavaScript error: https://www.covid-19.pa.gov.br/js/app.63c363bd.js, line 1: TypeError: _0x4022d7[a1_0x1881(...)] is undefined
JavaScript error: https://www.covid-19.pa.gov.br/js/app.63c363bd.js, line 1: TypeError: _0x4022d7[a1_0x1881(...)] is undefined
JavaScript error: https://www.covid-19.pa.gov.br/js/app.63c363bd.js, line 1: TypeError: _0x4022d7[a1_0x1881(...)] is undefined
JavaScript error: https://www.covid-19.pa.gov.br/js/vendor.59a5677f.js, line 1: Error: Network Error
JavaScript error: https://www.covid-19.pa.gov.br/js/app.63c363bd.js, line 1: TypeError: _0x4022d7[a1_0x1881(...)] is undefined
JavaScript error: https://www.covid-19.pa.gov.br/js/app.63c363bd.js, line 1: TypeError: _0x4022d7[a1_0x1881(...)] is undefined
JavaScript error: https://www.covid-19.pa.gov.br/js/vendor.59a5677f.js, line 1: Error: Network Error
JavaScript error: https://www.covid-19.pa.gov.br/js/app.63c363bd.js, line 1: TypeError: _0x4022d7[a1_0x1881(...)] is undefined
JavaScript error: https://www.covid-19.pa.gov.br/js/vendor.59a5677f.js, line 1: Error: Network Error
JavaScript error: https://www.covid-19.pa.gov.br/js/app.63c363bd.js, line 1: TypeError: _0x4022d7[a1_0x1881(...)] is undefined
JavaScript error: https://www.covid-19.pa.gov.br/js/app.63c363bd.js, line 1: TypeError: _0x4022d7[a1_0x1881(...)] is undefined
JavaScript error: https://www.covid-19.pa.gov.br/js/vendor.59a5677f.js, line 1: Error: Network Error
JavaScript error: https://www.covid-19.pa.gov.br/js/app.63c363bd.js, line 1: TypeError: _0x4022d7[a1_0x1881(...)] is undefined
JavaScript error: https://www.covid-19.pa.gov.br/js/app.63c363bd.js, line 1: TypeError: _0x4022d7[a1_0x1881(...)] is undefined
JavaScript error: https://www.covid-19.pa.gov.br/js/vendor.59a5677f.js, line 1: Error: Network Error
JavaScript error: https://www.covid-19.pa.gov.br/js/app.63c363bd.js, line 1: TypeError: _0x4022d7[a1_0x1881(...)] is undefined
JavaScript error: https://www.covid-19.pa.gov.br/js/app.63c363bd.js, line 1: TypeError: _0x4022d7[a1_0x1881(...)] is undefined
JavaScript error: https://www.covid-19.pa.gov.br/js/vendor.59a5677f.js, line 1: Error: Network Error
JavaScript error: https://www.covid-19.pa.gov.br/js/app.63c363bd.js, line 1: TypeError: _0x4022d7[a1_0x1881(...)] is undefined
JavaScript error: https://www.covid-19.pa.gov.br/js/app.63c363bd.js, line 1: TypeError: _0x4022d7[a1_0x1881(...)] is undefined
JavaScript error: https://www.covid-19.pa.gov.br/js/app.63c363bd.js, line 1: TypeError: _0x4022d7[a1_0x1881(...)] is undefined
JavaScript error: https://www.covid-19.pa.gov.br/js/vendor.59a5677f.js, line 1: Error: Network Error
JavaScript error: https://www.covid-19.pa.gov.br/js/app.63c363bd.js, line 1: TypeError: _0x4022d7[a1_0x1881(...)] is undefined
JavaScript error: https://www.covid-19.pa.gov.br/js/app.63c363bd.js, line 1: TypeError: _0x4022d7[a1_0x1881(...)] is undefined
JavaScript error: https://www.covid-19.pa.gov.br/js/vendor.59a5677f.js, line 1: Error: Network Error
JavaScript error: https://www.covid-19.pa.gov.br/js/app.63c363bd.js, line 1: TypeError: _0x4022d7[a1_0x1881(...)] is undefined
JavaScript error: https://www.covid-19.pa.gov.br/js/app.63c363bd.js, line 1: TypeError: _0x4022d7[a1_0x1881(...)] is undefined
JavaScript error: https://www.covid-19.pa.gov.br/js/vendor.59a5677f.js, line 1: Error: Network Error
JavaScript error: https://www.covid-19.pa.gov.br/js/app.63c363bd.js, line 1: TypeError: _0x4022d7[a1_0x1881(...)] is undefined
JavaScript error: https://www.covid-19.pa.gov.br/js/app.63c363bd.js, line 1: TypeError: _0x4022d7[a1_0x1881(...)] is undefined
JavaScript error: https://www.covid-19.pa.gov.br/js/vendor.59a5677f.js, line 1: Error: Network Error
JavaScript error: https://www.covid-19.pa.gov.br/js/app.63c363bd.js, line 1: TypeError: _0x4022d7[a1_0x1881(...)] is undefined
JavaScript error: https://www.covid-19.pa.gov.br/js/app.63c363bd.js, line 1: TypeError: _0x4022d7[a1_0x1881(...)] is undefined
JavaScript error: https://www.covid-19.pa.gov.br/js/vendor.59a5677f.js, line 1: Error: Network Error
JavaScript error: https://www.covid-19.pa.gov.br/js/app.63c363bd.js, line 1: TypeError: _0x4022d7[a1_0x1881(...)] is undefined
JavaScript error: https://www.covid-19.pa.gov.br/js/app.63c363bd.js, line 1: TypeError: _0x4022d7[a1_0x1881(...)] is undefined
JavaScript error: https://www.covid-19.pa.gov.br/js/vendor.59a5677f.js, line 1: Error: Network Error
JavaScript error: https://www.covid-19.pa.gov.br/js/app.63c363bd.js, line 1: TypeError: _0x4022d7[a1_0x1881(...)] is undefined
JavaScript error: https://www.covid-19.pa.gov.br/js/app.63c363bd.js, line 1: TypeError: _0x4022d7[a1_0x1881(...)] is undefined
JavaScript error: https://www.covid-19.pa.gov.br/js/vendor.59a5677f.js, line 1: Error: Network Error
JavaScript error: https://www.covid-19.pa.gov.br/js/app.63c363bd.js, line 1: TypeError: _0x4022d7[a1_0x1881(...)] is undefined
JavaScript error: https://www.covid-19.pa.gov.br/js/app.63c363bd.js, line 1: TypeError: _0x4022d7[a1_0x1881(...)] is undefined
JavaScript error: https://www.covid-19.pa.gov.br/js/vendor.59a5677f.js, line 1: Error: Network Error
JavaScript error: https://www.covid-19.pa.gov.br/js/app.63c363bd.js, line 1: TypeError: _0x4022d7[a1_0x1881(...)] is undefined
JavaScript error: https://www.covid-19.pa.gov.br/js/app.63c363bd.js, line 1: TypeError: _0x4022d7[a1_0x1881(...)] is undefined
JavaScript error: https://www.covid-19.pa.gov.br/js/vendor.59a5677f.js, line 1: Error: Network Error
JavaScript error: https://www.covid-19.pa.gov.br/js/app.63c363bd.js, line 1: TypeError: _0x4022d7[a1_0x1881(...)] is undefined
JavaScript error: https://www.covid-19.pa.gov.br/js/vendor.59a5677f.js, line 1: Error: Network Error
JavaScript error: https://www.covid-19.pa.gov.br/js/app.63c363bd.js, line 1: TypeError: _0x4022d7[a1_0x1881(...)] is undefined
JavaScript error: https://www.covid-19.pa.gov.br/js/app.63c363bd.js, line 1: TypeError: _0x4022d7[a1_0x1881(...)] is undefined
JavaScript error: https://www.covid-19.pa.gov.br/js/app.63c363bd.js, line 1: TypeError: _0x4022d7[a1_0x1881(...)] is undefined
JavaScript error: https://www.covid-19.pa.gov.br/js/vendor.59a5677f.js, line 1: Error: Network Error
JavaScript error: https://www.covid-19.pa.gov.br/js/app.63c363bd.js, line 1: TypeError: _0x4022d7[a1_0x1881(...)] is undefined
JavaScript error: https://www.covid-19.pa.gov.br/js/vendor.59a5677f.js, line 1: Error: Network Error
JavaScript error: https://www.covid-19.pa.gov.br/js/app.63c363bd.js, line 1: TypeError: _0x4022d7[a1_0x1881(...)] is undefined
JavaScript error: https://www.covid-19.pa.gov.br/js/app.63c363bd.js, line 1: TypeError: _0x4022d7[a1_0x1881(...)] is undefined
JavaScript error: https://www.covid-19.pa.gov.br/js/app.63c363bd.js, line 1: TypeError: _0x4022d7[a1_0x1881(...)] is undefined
JavaScript error: https://www.covid-19.pa.gov.br/js/vendor.59a5677f.js, line 1: Error: Network Error
JavaScript error: https://www.covid-19.pa.gov.br/js/app.63c363bd.js, line 1: TypeError: _0x4022d7[a1_0x1881(...)] is undefined
JavaScript error: https://www.covid-19.pa.gov.br/js/app.63c363bd.js, line 1: TypeError: _0x4022d7[a1_0x1881(...)] is undefined
JavaScript error: https://www.covid-19.pa.gov.br/js/vendor.59a5677f.js, line 1: Error: Network Error
JavaScript error: https://www.covid-19.pa.gov.br/js/app.63c363bd.js, line 1: TypeError: _0x4022d7[a1_0x1881(...)] is undefined
JavaScript error: https://www.covid-19.pa.gov.br/js/app.63c363bd.js, line 1: TypeError: _0x4022d7[a1_0x1881(...)] is undefined
JavaScript error: https://www.covid-19.pa.gov.br/js/vendor.59a5677f.js, line 1: Error: Network Error
A content process crashed and MOZ_CRASHREPORTER_SHUTDOWN is set, shutting down
[Parent 10304, IPC I/O Parent] WARNING: file /builds/worker/checkouts/gecko/ipc/chromium/src/base/process_util_win.cc:167
1620307925668	Marionette	INFO	Stopped listening on port 53243
